2024-06-12 15:58:09 [32minfo[39m: Checking if user already exists with email: tanishk@gmail.com
2024-06-12 15:58:43 [32minfo[39m: Checking if user already exists with email: tanishk@gmail.com
2024-06-12 15:58:43 [33mwarn[39m: User already exists with email: tanishk@gmail.com
2024-06-12 15:59:40 [32minfo[39m: Checking if user is registered with email: tanishk@gmail.com
2024-06-12 16:00:47 [32minfo[39m: Checking if user is registered with email: tanishk@gmail.com
2024-06-12 16:00:47 [32minfo[39m: user found with email: tanishk@gmail.com
2024-06-26 02:02:17 [32minfo[39m: Checking if user already exists with email: rajg33182@gmail.com
2024-06-26 02:02:17 [33mwarn[39m: User already exists with email: rajg33182@gmail.com
2024-06-26 02:04:05 [32minfo[39m: Checking if user already exists with email: rajg@gmail.com
2024-06-26 02:04:16 [32minfo[39m: Checking if user is registered with email: rajg@gmail.com
2024-06-26 02:04:16 [33mwarn[39m: Invalid password
2024-06-26 02:05:17 [32minfo[39m: Checking if user is registered with email: rajg@gmail.com
2024-06-26 02:05:17 [31merror[39m: Invalid password
2024-07-02 12:18:27 [33mwarn[39m: User.findOne({ '$or': [ { username: 'suhana' }, { email: 'suhana158@gmail.com' } ] })
2024-07-02 12:20:21 [33mwarn[39m: User.findOne({ '$or': [ { username: 'suhana' }, { email: 'suhana158@gmail.com' } ] })
2024-07-02 12:23:05 [33mwarn[39m: user with this email or username is already registered
2024-07-02 12:23:06 [33mwarn[39m: user with this email or username is already registered
2024-07-02 12:23:07 [33mwarn[39m: user with this email or username is already registered
2024-07-02 12:23:08 [33mwarn[39m: user with this email or username is already registered
2024-07-02 12:23:08 [33mwarn[39m: user with this email or username is already registered
2024-07-02 12:23:08 [33mwarn[39m: user with this email or username is already registered
2024-07-02 12:23:08 [33mwarn[39m: user with this email or username is already registered
2024-07-02 12:23:10 [33mwarn[39m: user with this email or username is already registered
2024-07-02 12:23:10 [33mwarn[39m: user with this email or username is already registered
2024-07-02 12:23:10 [33mwarn[39m: user with this email or username is already registered
2024-07-02 12:23:10 [33mwarn[39m: user with this email or username is already registered
2024-07-02 12:23:10 [33mwarn[39m: user with this email or username is already registered
2024-07-02 12:23:11 [33mwarn[39m: user with this email or username is already registered
2024-07-02 12:23:11 [33mwarn[39m: user with this email or username is already registered
2024-07-02 12:45:25 [33mwarn[39m: user with this email or username is already registered
2024-07-02 13:04:28 [33mwarn[39m: jwt is not defined
2024-07-02 13:04:44 [33mwarn[39m: jwt is not defined
2024-07-02 13:05:27 [32minfo[39m: User logged in successfully
2024-07-02 14:06:16 [32minfo[39m: User logged in successfully
2024-07-02 14:07:40 [32minfo[39m: User logged in successfully
2024-07-02 14:10:04 [32minfo[39m: User logged in successfully
2024-07-02 16:23:27 [32minfo[39m: User logged in successfully
2024-07-02 16:29:29 [32minfo[39m: User logged in successfully
2024-07-02 16:33:04 [32minfo[39m: User logged in successfully
2024-07-02 16:34:32 [32minfo[39m: User logged in successfully
2024-07-02 16:38:02 [32minfo[39m: User logged in successfully
2024-07-02 22:45:12 [32minfo[39m: User logged in successfully
2024-07-02 22:47:22 [32minfo[39m: User logged in successfully
2024-07-02 22:55:27 [32minfo[39m: User logged in successfully
2024-07-02 23:01:02 [32minfo[39m: User logged in successfully
2024-07-02 23:05:33 [32minfo[39m: User logged in successfully
2024-07-02 23:09:11 [32minfo[39m: User logged in successfully
2024-07-02 23:09:45 [32minfo[39m: User logged in successfully
2024-08-19 17:53:14 [32minfo[39m: User logged in successfully
2024-08-19 20:08:46 [31merror[39m: null does not exist
2024-08-19 20:09:48 [32minfo[39m: User logged in successfully
2024-08-19 20:19:17 [33mwarn[39m: user with this email or username is already registered
2024-08-19 20:19:21 [33mwarn[39m: user with this email or username is already registered
2024-08-19 20:19:22 [33mwarn[39m: user with this email or username is already registered
2024-08-19 20:19:22 [33mwarn[39m: user with this email or username is already registered
2024-08-19 20:19:22 [33mwarn[39m: user with this email or username is already registered
2024-08-19 20:20:41 [32minfo[39m: User logged in successfully
2024-08-19 20:22:45 [33mwarn[39m: user with this email or username is already registered
